2025-10-25 13:02:17.707 [main] INFO 
                [Kimpay-Gateway] [] []
                c.k.payment.PaymentApplicationTests - Starting PaymentApplicationTests using Java 17.0.12 with PID 31156 (started by kimho in C:\Users\kimho\OneDrive\Documents\GitHub\payment\payment-api)
2025-10-25 13:02:17.708 [main] DEBUG
                [Kimpay-Gateway] [] []
                c.k.payment.PaymentApplicationTests - Running with Spring Boot v3.5.7, Spring v6.2.12
2025-10-25 13:02:17.709 [main] INFO 
                [Kimpay-Gateway] [] []
                c.k.payment.PaymentApplicationTests - No active profile set, falling back to 1 default profile: "default"
2025-10-25 13:02:18.903 [main] INFO 
                [Kimpay-Gateway] [] []
                o.s.cloud.context.scope.GenericScope - BeanFactory id=c9af35d1-3a43-3abf-83e7-592496f4ccb7
2025-10-25 13:02:19.815 [main] WARN 
                [Kimpay-Gateway] [] []
                o.s.b.a.s.s.UserDetailsServiceAutoConfiguration - 

Using generated security password: fd0cc658-ed9d-4317-814b-4efc97728525

This generated password is for development use only. Your security configuration must be updated before running your application in production.

2025-10-25 13:02:19.826 [main] INFO 
                [Kimpay-Gateway] [] []
                o.s.s.c.a.a.c.InitializeUserDetailsBeanManagerConfigurer$InitializeUserDetailsManagerConfigurer - Global AuthenticationManager configured with UserDetailsService bean with name inMemoryUserDetailsManager
2025-10-25 13:02:20.197 [main] INFO 
                [Kimpay-Gateway] [] []
                c.k.payment.PaymentApplicationTests - Started PaymentApplicationTests in 2.905 seconds (process running for 3.793)
2025-10-25 13:17:56.247 [main] INFO 
                [Kimpay-Gateway] [] []
                c.k.payment.PaymentApplicationTests - Starting PaymentApplicationTests using Java 17.0.12 with PID 19720 (started by kimho in C:\Users\kimho\OneDrive\Documents\GitHub\payment\payment-api)
2025-10-25 13:17:56.248 [main] DEBUG
                [Kimpay-Gateway] [] []
                c.k.payment.PaymentApplicationTests - Running with Spring Boot v3.5.7, Spring v6.2.12
2025-10-25 13:17:56.248 [main] INFO 
                [Kimpay-Gateway] [] []
                c.k.payment.PaymentApplicationTests - No active profile set, falling back to 1 default profile: "default"
2025-10-25 13:17:57.452 [main] INFO 
                [Kimpay-Gateway] [] []
                o.s.cloud.context.scope.GenericScope - BeanFactory id=c9af35d1-3a43-3abf-83e7-592496f4ccb7
2025-10-25 13:17:58.372 [main] WARN 
                [Kimpay-Gateway] [] []
                o.s.b.a.s.s.UserDetailsServiceAutoConfiguration - 

Using generated security password: 150a0ddc-acee-4de2-b971-a74d1c640d42

This generated password is for development use only. Your security configuration must be updated before running your application in production.

2025-10-25 13:17:58.385 [main] INFO 
                [Kimpay-Gateway] [] []
                o.s.s.c.a.a.c.InitializeUserDetailsBeanManagerConfigurer$InitializeUserDetailsManagerConfigurer - Global AuthenticationManager configured with UserDetailsService bean with name inMemoryUserDetailsManager
2025-10-25 13:17:58.790 [main] INFO 
                [Kimpay-Gateway] [] []
                c.k.payment.PaymentApplicationTests - Started PaymentApplicationTests in 2.969 seconds (process running for 3.79)
2025-10-25 13:46:40.534 [main] INFO 
                [Kimpay-Gateway] [] []
                c.k.payment.PaymentApplicationTests - Starting PaymentApplicationTests using Java 17.0.12 with PID 26760 (started by kimho in C:\Users\kimho\OneDrive\Documents\GitHub\payment\payment-api)
2025-10-25 13:46:40.535 [main] DEBUG
                [Kimpay-Gateway] [] []
                c.k.payment.PaymentApplicationTests - Running with Spring Boot v3.5.7, Spring v6.2.12
2025-10-25 13:46:40.536 [main] INFO 
                [Kimpay-Gateway] [] []
                c.k.payment.PaymentApplicationTests - No active profile set, falling back to 1 default profile: "default"
2025-10-25 13:46:41.795 [main] INFO 
                [Kimpay-Gateway] [] []
                o.s.cloud.context.scope.GenericScope - BeanFactory id=c9af35d1-3a43-3abf-83e7-592496f4ccb7
2025-10-25 13:46:42.689 [main] WARN 
                [Kimpay-Gateway] [] []
                o.s.b.a.s.s.UserDetailsServiceAutoConfiguration - 

Using generated security password: 4d2eca2e-24c0-47de-b79f-301a3d5ccf4c

This generated password is for development use only. Your security configuration must be updated before running your application in production.

2025-10-25 13:46:42.699 [main] INFO 
                [Kimpay-Gateway] [] []
                o.s.s.c.a.a.c.InitializeUserDetailsBeanManagerConfigurer$InitializeUserDetailsManagerConfigurer - Global AuthenticationManager configured with UserDetailsService bean with name inMemoryUserDetailsManager
2025-10-25 13:46:43.099 [main] INFO 
                [Kimpay-Gateway] [] []
                c.k.payment.PaymentApplicationTests - Started PaymentApplicationTests in 2.99 seconds (process running for 3.94)
2025-10-25 13:54:24.232 [main] INFO 
                [Kimpay-Gateway] [] []
                c.k.payment.PaymentApplicationTests - Starting PaymentApplicationTests using Java 17.0.12 with PID 6696 (started by kimho in C:\Users\kimho\OneDrive\Documents\GitHub\payment\payment-api)
2025-10-25 13:54:24.234 [main] DEBUG
                [Kimpay-Gateway] [] []
                c.k.payment.PaymentApplicationTests - Running with Spring Boot v3.5.7, Spring v6.2.12
2025-10-25 13:54:24.234 [main] INFO 
                [Kimpay-Gateway] [] []
                c.k.payment.PaymentApplicationTests - No active profile set, falling back to 1 default profile: "default"
2025-10-25 13:54:25.422 [main] INFO 
                [Kimpay-Gateway] [] []
                o.s.d.r.c.RepositoryConfigurationDelegate - Bootstrapping Spring Data JPA repositories in DEFAULT mode.
2025-10-25 13:54:25.465 [main] INFO 
                [Kimpay-Gateway] [] []
                o.s.d.r.c.RepositoryConfigurationDelegate - Finished Spring Data repository scanning in 26 ms. Found 0 JPA repository interfaces.
2025-10-25 13:54:25.655 [main] INFO 
                [Kimpay-Gateway] [] []
                o.s.cloud.context.scope.GenericScope - BeanFactory id=727a32c6-8eec-3548-b101-0b9b05cbc947
2025-10-25 13:54:26.096 [main] INFO 
                [Kimpay-Gateway] [] []
                com.zaxxer.hikari.HikariDataSource - HikariPool-1 - Starting...
2025-10-25 13:54:26.386 [main] INFO 
                [Kimpay-Gateway] [] []
                com.zaxxer.hikari.pool.HikariPool - HikariPool-1 - Added connection conn0: url=jdbc:h2:mem:0cbea355-82c0-4dbd-835e-69283d6024ab user=SA
2025-10-25 13:54:26.391 [main] INFO 
                [Kimpay-Gateway] [] []
                com.zaxxer.hikari.HikariDataSource - HikariPool-1 - Start completed.
2025-10-25 13:54:26.880 [main] INFO 
                [Kimpay-Gateway] [] []
                o.s.o.j.p.SpringPersistenceUnitInfo - No LoadTimeWeaver setup: ignoring JPA class transformer
2025-10-25 13:54:27.599 [main] INFO 
                [Kimpay-Gateway] [] []
                o.s.o.j.LocalContainerEntityManagerFactoryBean - Initialized JPA EntityManagerFactory for persistence unit 'default'
2025-10-25 13:54:27.722 [main] WARN 
                [Kimpay-Gateway] [] []
                o.s.b.a.o.j.JpaBaseConfiguration$JpaWebConfiguration - spring.jpa.open-in-view is enabled by default. Therefore, database queries may be performed during view rendering. Explicitly configure spring.jpa.open-in-view to disable this warning
2025-10-25 13:54:28.567 [main] WARN 
                [Kimpay-Gateway] [] []
                o.s.b.a.s.s.UserDetailsServiceAutoConfiguration - 

Using generated security password: 889bcac1-8702-4558-b88a-78757795e58c

This generated password is for development use only. Your security configuration must be updated before running your application in production.

2025-10-25 13:54:28.582 [main] INFO 
                [Kimpay-Gateway] [] []
                o.s.s.c.a.a.c.InitializeUserDetailsBeanManagerConfigurer$InitializeUserDetailsManagerConfigurer - Global AuthenticationManager configured with UserDetailsService bean with name inMemoryUserDetailsManager
2025-10-25 13:54:29.071 [main] INFO 
                [Kimpay-Gateway] [] []
                c.k.payment.PaymentApplicationTests - Started PaymentApplicationTests in 5.231 seconds (process running for 6.093)
2025-10-25 13:54:29.412 [SpringApplicationShutdownHook] INFO 
                [Kimpay-Gateway] [] []
                o.s.o.j.LocalContainerEntityManagerFactoryBean - Closing JPA EntityManagerFactory for persistence unit 'default'
2025-10-25 13:54:29.417 [SpringApplicationShutdownHook] INFO 
                [Kimpay-Gateway] [] []
                com.zaxxer.hikari.HikariDataSource - HikariPool-1 - Shutdown initiated...
2025-10-25 13:54:29.419 [SpringApplicationShutdownHook] INFO 
                [Kimpay-Gateway] [] []
                com.zaxxer.hikari.HikariDataSource - HikariPool-1 - Shutdown completed.
2025-10-25 18:20:01.022 [main] INFO 
                [Kimpay-Gateway] [] []
                c.k.payment.PaymentApplicationTests - Starting PaymentApplicationTests using Java 17.0.12 with PID 27152 (started by kimho in C:\Users\kimho\OneDrive\Documents\GitHub\payment\payment-api)
2025-10-25 18:20:01.022 [main] DEBUG
                [Kimpay-Gateway] [] []
                c.k.payment.PaymentApplicationTests - Running with Spring Boot v3.5.7, Spring v6.2.12
2025-10-25 18:20:01.024 [main] INFO 
                [Kimpay-Gateway] [] []
                c.k.payment.PaymentApplicationTests - No active profile set, falling back to 1 default profile: "default"
2025-10-25 18:20:02.267 [main] INFO 
                [Kimpay-Gateway] [] []
                o.s.d.r.c.RepositoryConfigurationDelegate - Bootstrapping Spring Data JPA repositories in DEFAULT mode.
2025-10-25 18:20:02.335 [main] INFO 
                [Kimpay-Gateway] [] []
                o.s.d.r.c.RepositoryConfigurationDelegate - Finished Spring Data repository scanning in 38 ms. Found 0 JPA repository interfaces.
2025-10-25 18:20:02.710 [main] INFO 
                [Kimpay-Gateway] [] []
                o.s.cloud.context.scope.GenericScope - BeanFactory id=916367cd-8f51-3d27-86e7-63df48108d88
2025-10-25 18:20:03.202 [main] INFO 
                [Kimpay-Gateway] [] []
                com.zaxxer.hikari.HikariDataSource - HikariPool-1 - Starting...
2025-10-25 18:20:03.475 [main] INFO 
                [Kimpay-Gateway] [] []
                com.zaxxer.hikari.pool.HikariPool - HikariPool-1 - Added connection conn0: url=jdbc:h2:mem:499f1777-2a89-44b7-af0b-422dc7a434cb user=SA
2025-10-25 18:20:03.478 [main] INFO 
                [Kimpay-Gateway] [] []
                com.zaxxer.hikari.HikariDataSource - HikariPool-1 - Start completed.
2025-10-25 18:20:03.926 [main] INFO 
                [Kimpay-Gateway] [] []
                o.s.o.j.p.SpringPersistenceUnitInfo - No LoadTimeWeaver setup: ignoring JPA class transformer
2025-10-25 18:20:04.743 [main] INFO 
                [Kimpay-Gateway] [] []
                o.s.o.j.LocalContainerEntityManagerFactoryBean - Initialized JPA EntityManagerFactory for persistence unit 'default'
2025-10-25 18:20:04.890 [main] WARN 
                [Kimpay-Gateway] [] []
                o.s.b.a.o.j.JpaBaseConfiguration$JpaWebConfiguration - spring.jpa.open-in-view is enabled by default. Therefore, database queries may be performed during view rendering. Explicitly configure spring.jpa.open-in-view to disable this warning
2025-10-25 18:20:05.654 [main] WARN 
                [Kimpay-Gateway] [] []
                o.s.b.a.s.s.UserDetailsServiceAutoConfiguration - 

Using generated security password: 7f7d8b39-f9ea-42b6-ac36-54f2b265da8a

This generated password is for development use only. Your security configuration must be updated before running your application in production.

2025-10-25 18:20:05.676 [main] INFO 
                [Kimpay-Gateway] [] []
                o.s.s.c.a.a.c.InitializeUserDetailsBeanManagerConfigurer$InitializeUserDetailsManagerConfigurer - Global AuthenticationManager configured with UserDetailsService bean with name inMemoryUserDetailsManager
2025-10-25 18:20:06.109 [main] INFO 
                [Kimpay-Gateway] [] []
                c.k.payment.PaymentApplicationTests - Started PaymentApplicationTests in 5.546 seconds (process running for 6.516)
2025-10-25 18:20:06.424 [SpringApplicationShutdownHook] INFO 
                [Kimpay-Gateway] [] []
                o.s.o.j.LocalContainerEntityManagerFactoryBean - Closing JPA EntityManagerFactory for persistence unit 'default'
2025-10-25 18:20:06.432 [SpringApplicationShutdownHook] INFO 
                [Kimpay-Gateway] [] []
                com.zaxxer.hikari.HikariDataSource - HikariPool-1 - Shutdown initiated...
2025-10-25 18:20:06.433 [SpringApplicationShutdownHook] INFO 
                [Kimpay-Gateway] [] []
                com.zaxxer.hikari.HikariDataSource - HikariPool-1 - Shutdown completed.
2025-10-25 18:22:12.333 [main] INFO 
                [Kimpay-Gateway] [] []
                c.k.payment.PaymentApplicationTests - Starting PaymentApplicationTests using Java 17.0.12 with PID 18628 (started by kimho in C:\Users\kimho\OneDrive\Documents\GitHub\payment\payment-api)
2025-10-25 18:22:12.336 [main] DEBUG
                [Kimpay-Gateway] [] []
                c.k.payment.PaymentApplicationTests - Running with Spring Boot v3.5.7, Spring v6.2.12
2025-10-25 18:22:12.336 [main] INFO 
                [Kimpay-Gateway] [] []
                c.k.payment.PaymentApplicationTests - No active profile set, falling back to 1 default profile: "default"
2025-10-25 18:22:13.509 [main] INFO 
                [Kimpay-Gateway] [] []
                o.s.d.r.c.RepositoryConfigurationDelegate - Bootstrapping Spring Data JPA repositories in DEFAULT mode.
2025-10-25 18:22:13.567 [main] INFO 
                [Kimpay-Gateway] [] []
                o.s.d.r.c.RepositoryConfigurationDelegate - Finished Spring Data repository scanning in 33 ms. Found 0 JPA repository interfaces.
2025-10-25 18:22:13.895 [main] INFO 
                [Kimpay-Gateway] [] []
                o.s.cloud.context.scope.GenericScope - BeanFactory id=916367cd-8f51-3d27-86e7-63df48108d88
2025-10-25 18:22:14.317 [main] INFO 
                [Kimpay-Gateway] [] []
                com.zaxxer.hikari.HikariDataSource - HikariPool-1 - Starting...
2025-10-25 18:22:14.542 [main] INFO 
                [Kimpay-Gateway] [] []
                com.zaxxer.hikari.pool.HikariPool - HikariPool-1 - Added connection conn0: url=jdbc:h2:mem:ddb01cbc-2db3-4d1a-a223-94ed61447da9 user=SA
2025-10-25 18:22:14.544 [main] INFO 
                [Kimpay-Gateway] [] []
                com.zaxxer.hikari.HikariDataSource - HikariPool-1 - Start completed.
2025-10-25 18:22:14.885 [main] INFO 
                [Kimpay-Gateway] [] []
                o.s.o.j.p.SpringPersistenceUnitInfo - No LoadTimeWeaver setup: ignoring JPA class transformer
2025-10-25 18:22:15.675 [main] INFO 
                [Kimpay-Gateway] [] []
                o.s.o.j.LocalContainerEntityManagerFactoryBean - Initialized JPA EntityManagerFactory for persistence unit 'default'
2025-10-25 18:22:15.818 [main] WARN 
                [Kimpay-Gateway] [] []
                o.s.b.a.o.j.JpaBaseConfiguration$JpaWebConfiguration - spring.jpa.open-in-view is enabled by default. Therefore, database queries may be performed during view rendering. Explicitly configure spring.jpa.open-in-view to disable this warning
2025-10-25 18:22:16.595 [main] WARN 
                [Kimpay-Gateway] [] []
                o.s.b.a.s.s.UserDetailsServiceAutoConfiguration - 

Using generated security password: 4b5055c6-42e9-45fa-9061-3ad18f2e6f2f

This generated password is for development use only. Your security configuration must be updated before running your application in production.

2025-10-25 18:22:16.610 [main] INFO 
                [Kimpay-Gateway] [] []
                o.s.s.c.a.a.c.InitializeUserDetailsBeanManagerConfigurer$InitializeUserDetailsManagerConfigurer - Global AuthenticationManager configured with UserDetailsService bean with name inMemoryUserDetailsManager
2025-10-25 18:22:17.067 [main] INFO 
                [Kimpay-Gateway] [] []
                c.k.payment.PaymentApplicationTests - Started PaymentApplicationTests in 5.161 seconds (process running for 6.061)
2025-10-25 18:22:17.373 [SpringApplicationShutdownHook] INFO 
                [Kimpay-Gateway] [] []
                o.s.o.j.LocalContainerEntityManagerFactoryBean - Closing JPA EntityManagerFactory for persistence unit 'default'
2025-10-25 18:22:17.381 [SpringApplicationShutdownHook] INFO 
                [Kimpay-Gateway] [] []
                com.zaxxer.hikari.HikariDataSource - HikariPool-1 - Shutdown initiated...
2025-10-25 18:22:17.383 [SpringApplicationShutdownHook] INFO 
                [Kimpay-Gateway] [] []
                com.zaxxer.hikari.HikariDataSource - HikariPool-1 - Shutdown completed.
